WildLifeSpotter2/WildLifeSpotter2/app/build/intermediates/manifest_merge_blame_file/debug/manifest-merger-blame-debug-report.txt
1<?xml version="1.0" encoding="utf-8"?>
2<manifest xmlns:android="http://schemas.android.com/apk/res/android"
3    package="com.example.wildlifespotter"
4    android:versionCode="1"
5    android:versionName="1.0" >
6
7    <uses-sdk
8        android:minSdkVersion="16"
8-->src\main\AndroidManifest.xml
9        android:targetSdkVersion="30" />
9-->src\main\AndroidManifest.xml
10    <!-- <uses-sdk -->
11    <!-- android:minSdkVersion="9" -->
12    <!-- android:targetSdkVersion="17" /> -->
13    <uses-permission android:name="android.permission.INTERNET" />
13-->src\main\AndroidManifest.xml:7:5-67
13-->src\main\AndroidManifest.xml:7:22-64
14    <uses-permission android:name="android.permission.ACCESS_NETWORK_STATE" />
14-->src\main\AndroidManifest.xml:8:5-79
14-->src\main\AndroidManifest.xml:8:22-76
15
16    <application
16-->src\main\AndroidManifest.xml:10:5-32:19
17        android:allowBackup="true"
17-->src\main\AndroidManifest.xml:11:9-35
18        android:appComponentFactory="androidx.core.app.CoreComponentFactory"
18-->[androidx.core:core:1.1.0] AndroidManifest.xml:24:18-86
19        android:debuggable="true"
20        android:icon="@mipmap/ic_launcher"
20-->src\main\AndroidManifest.xml:12:9-43
21        android:label="@string/app_name"
21-->src\main\AndroidManifest.xml:13:9-41
22        android:roundIcon="@mipmap/ic_launcher_round"
22-->src\main\AndroidManifest.xml:14:9-54
23        android:supportsRtl="true"
23-->src\main\AndroidManifest.xml:15:9-35
24        android:testOnly="true"
25        android:theme="@style/Theme.WildLifeSpotter" >
25-->src\main\AndroidManifest.xml:16:9-53
26        <activity android:name="com.example.wildlifespotter.PlantInfoActivity" />
26-->src\main\AndroidManifest.xml:17:9-64
26-->src\main\AndroidManifest.xml:17:19-52
27        <activity android:name="com.example.wildlifespotter.AnimalInfoActivity" />
27-->src\main\AndroidManifest.xml:18:9-56
27-->src\main\AndroidManifest.xml:18:19-53
28        <activity android:name="com.example.wildlifespotter.PinLocationMenu" />
28-->src\main\AndroidManifest.xml:19:9-53
28-->src\main\AndroidManifest.xml:19:19-50
29        <activity android:name="com.example.wildlifespotter.FilterActivity" />
29-->src\main\AndroidManifest.xml:21:9-61
29-->src\main\AndroidManifest.xml:21:19-49
30        <activity android:name="com.example.wildlifespotter.PinLocationMenu" />
30-->src\main\AndroidManifest.xml:19:9-53
30-->src\main\AndroidManifest.xml:19:19-50
31        <activity android:name="com.example.wildlifespotter.BrowseMapMenu" />
31-->src\main\AndroidManifest.xml:23:9-51
31-->src\main\AndroidManifest.xml:23:19-48
32        <activity android:name="com.example.wildlifespotter.MainActivity" >
32-->src\main\AndroidManifest.xml:25:9-31:20
32-->src\main\AndroidManifest.xml:25:19-47
33            <intent-filter>
33-->src\main\AndroidManifest.xml:26:13-30:29
34                <action android:name="android.intent.action.MAIN" />
34-->src\main\AndroidManifest.xml:27:17-69
34-->src\main\AndroidManifest.xml:27:25-66
35
36                <category android:name="android.intent.category.LAUNCHER" />
36-->src\main\AndroidManifest.xml:29:17-77
36-->src\main\AndroidManifest.xml:29:27-74
37            </intent-filter>
38        </activity>
39    </application>
40
41</manifest>